<?xml version="1.0" encoding="UTF-8"?>
<!-- Generated by org.testng.reporters.JUnitXMLReporter -->
<testsuite hostname="INB-L0063" ignored="4" name="Test" tests="3" failures="0" timestamp="01 Mar 2017 07:39:16 GMT" time="42.332" errors="0">
  <testcase name="testMultipleLogin" time="6.882" classname="com.hrm.scripts.VerifyMultipleLogin"/>
  <testcase name="testMultipleLogin" time="6.53" classname="com.hrm.scripts.VerifyMultipleLogin"/>
  <testcase name="testLoginLogout" time="7.267" classname="com.hrm.scripts.VerifyLoginLogout"/>
  <testcase name="@BeforeTest initBrowser" time="0.0" classname="com.hrm.common.BaseTest">
    <ignored/>
  </testcase> <!-- @BeforeTest initBrowser -->
  <testcase name="@AfterTest closeBrowser" time="0.0" classname="com.hrm.common.BaseTest">
    <ignored/>
  </testcase> <!-- @AfterTest closeBrowser -->
  <testcase name="@AfterSuite closeFramework" time="0.0" classname="com.hrm.common.BaseTest">
    <ignored/>
  </testcase> <!-- @AfterSuite closeFramework -->
  <testcase name="@BeforeSuite initFramework" time="0.0" classname="com.hrm.common.BaseTest">
    <ignored/>
  </testcase> <!-- @BeforeSuite initFramework -->
</testsuite> <!-- Test -->
