<?xml version="1.0" encoding="UTF-8"?>
<!-- Generated by org.testng.reporters.JUnitXMLReporter -->
<testsuite hostname="INB-L0063" ignored="12" name="Test" tests="5" failures="0" timestamp="03 Mar 2017 11:23:12 GMT" time="305.237" errors="0">
  <testcase name="testMultipleLogin" time="6.886" classname="com.hrm.scripts.VerifyMultipleLogin"/>
  <testcase name="testMultipleLogin" time="5.726" classname="com.hrm.scripts.VerifyMultipleLogin"/>
  <testcase name="testLoginLogout" time="6.037" classname="com.hrm.scripts.VerifyLoginLogout"/>
  <testcase name="testAddDeleteEmployee" time="72.096" classname="com.hrm.scripts.VerifyAddDeleteEmployee"/>
  <testcase name="testAddDeleteUser" time="161.096" classname="com.hrm.scripts.VerifyAddDeleteUser"/>
  <testcase name="@BeforeTest initBrowser" time="0.0" classname="com.hrm.common.BaseTest">
    <ignored/>
  </testcase> <!-- @BeforeTest initBrowser -->
  <testcase name="@BeforeTest initBrowser" time="0.0" classname="com.hrm.common.BaseTest">
    <ignored/>
  </testcase> <!-- @BeforeTest initBrowser -->
  <testcase name="@BeforeTest initBrowser" time="0.0" classname="com.hrm.common.BaseTest">
    <ignored/>
  </testcase> <!-- @BeforeTest initBrowser -->
  <testcase name="@AfterTest closeBrowser" time="0.0" classname="com.hrm.common.BaseTest">
    <ignored/>
  </testcase> <!-- @AfterTest closeBrowser -->
  <testcase name="@AfterTest closeBrowser" time="0.0" classname="com.hrm.common.BaseTest">
    <ignored/>
  </testcase> <!-- @AfterTest closeBrowser -->
  <testcase name="@AfterTest closeBrowser" time="0.0" classname="com.hrm.common.BaseTest">
    <ignored/>
  </testcase> <!-- @AfterTest closeBrowser -->
  <testcase name="@AfterSuite closeFramework" time="0.0" classname="com.hrm.common.BaseTest">
    <ignored/>
  </testcase> <!-- @AfterSuite closeFramework -->
  <testcase name="@AfterSuite closeFramework" time="0.0" classname="com.hrm.common.BaseTest">
    <ignored/>
  </testcase> <!-- @AfterSuite closeFramework -->
  <testcase name="@AfterSuite closeFramework" time="0.0" classname="com.hrm.common.BaseTest">
    <ignored/>
  </testcase> <!-- @AfterSuite closeFramework -->
  <testcase name="@BeforeSuite initFramework" time="0.0" classname="com.hrm.common.BaseTest">
    <ignored/>
  </testcase> <!-- @BeforeSuite initFramework -->
  <testcase name="@BeforeSuite initFramework" time="0.0" classname="com.hrm.common.BaseTest">
    <ignored/>
  </testcase> <!-- @BeforeSuite initFramework -->
  <testcase name="@BeforeSuite initFramework" time="0.0" classname="com.hrm.common.BaseTest">
    <ignored/>
  </testcase> <!-- @BeforeSuite initFramework -->
</testsuite> <!-- Test -->
